<?xml version="1.0" encoding="UTF-8"?>
<!-- Generated by org.testng.reporters.JUnitReportReporter -->
<testsuite hostname="Golovanov" failures="0" tests="1" name="stqa.PointTest" time="0.015" errors="0" timestamp="2022-08-10T14:17:32 MSK" skipped="0">
  <testcase classname="stqa.PointTest" name="testDistance" time="0.015"/>
  <system-out/>
</testsuite> <!-- stqa.PointTest -->
