<?xml version="1.0" encoding="UTF-8"?>
<!-- Generated by org.testng.reporters.JUnitReportReporter -->
<testsuite hostname="Golovanov" failures="0" tests="1" name="stqa.PointTest" time="0.008" errors="0" timestamp="2022-08-09T19:05:05 MSK" skipped="0">
  <testcase classname="stqa.PointTest" name="testDistance" time="0.008"/>
  <system-out/>
</testsuite> <!-- stqa.PointTest -->
