<?xml version="1.0" encoding="UTF-8"?>
<!-- Generated by org.testng.reporters.JUnitReportReporter -->
<testsuite hostname="Golovanov" failures="0" tests="1" name="stqa.SquareTest" time="0.000" errors="0" timestamp="2022-08-10T14:11:32 MSK" skipped="0">
  <testcase classname="stqa.SquareTest" name="testArea" time="0.000"/>
  <system-out/>
</testsuite> <!-- stqa.SquareTest -->
